Base path: C:/Program Files/Unity/Editor/Data
<<<<<<< HEAD
<<<<<<< HEAD
<<<<<<< HEAD
<<<<<<< HEAD
<<<<<<< HEAD
Pipe name: \\.\pipe\UnityShaderCompiler-64bit-1-5576
=======
Pipe name: \\.\pipe\UnityShaderCompiler-64bit-1-9544
>>>>>>> origin/master
=======
Pipe name: \\.\pipe\UnityShaderCompiler-64bit-1-5388
>>>>>>> parent of 5de60e4... added many speres
=======
Pipe name: \\.\pipe\UnityShaderCompiler-64bit-1-5388
>>>>>>> parent of 5de60e4... added many speres
=======
Pipe name: \\.\pipe\UnityShaderCompiler-64bit-1-5388
>>>>>>> parent of 5de60e4... added many speres
=======
Pipe name: \\.\pipe\UnityShaderCompiler-64bit-1-5388
>>>>>>> parent of 5de60e4... added many speres
Cmd: getPlatforms
